2025-05-29 01:57:11 INFO com.danny.shoppingplatform.ShoppingPlatformApplication - Starting ShoppingPlatformApplication using Java 22.0.2 with PID 19092 (C:\Users\danny\IdeaProjects\ShoppingPlatform\target\classes started by danny in C:\Users\danny\IdeaProjects\ShoppingPlatform) 
2025-05-29 01:57:11 INFO com.danny.shoppingplatform.ShoppingPlatformApplication - No active profile set, falling back to 1 default profile: "default" 
2025-05-29 01:57:11 INFO org.springframework.boot.devtools.env.DevToolsPropertyDefaultsPostProcessor - Devtools property defaults active! Set 'spring.devtools.add-properties' to 'false' to disable 
2025-05-29 01:57:11 INFO org.springframework.boot.devtools.env.DevToolsPropertyDefaultsPostProcessor - For additional web related logging consider setting the 'logging.level.web' property to 'DEBUG' 
2025-05-29 01:57:12 INFO org.springframework.data.repository.config.RepositoryConfigurationDelegate - Bootstrapping Spring Data JPA repositories in DEFAULT mode. 
2025-05-29 01:57:12 INFO org.springframework.data.repository.config.RepositoryConfigurationDelegate - Finished Spring Data repository scanning in 37 ms. Found 2 JPA repository interfaces. 
2025-05-29 01:57:12 INFO org.springframework.boot.web.embedded.tomcat.TomcatWebServer - Tomcat initialized with port 8080 (http) 
2025-05-29 01:57:12 INFO org.apache.coyote.http11.Http11NioProtocol - Initializing ProtocolHandler ["http-nio-8080"] 
2025-05-29 01:57:12 INFO org.apache.catalina.core.StandardService - Starting service [Tomcat] 
2025-05-29 01:57:12 INFO org.apache.catalina.core.StandardEngine - Starting Servlet engine: [Apache Tomcat/10.1.40] 
2025-05-29 01:57:13 INFO org.apache.catalina.core.ContainerBase.[Tomcat].[localhost].[/] - Initializing Spring embedded WebApplicationContext 
2025-05-29 01:57:13 INFO org.springframework.boot.web.servlet.context.ServletWebServerApplicationContext - Root WebApplicationContext: initialization completed in 1007 ms 
2025-05-29 01:57:13 INFO com.zaxxer.hikari.HikariDataSource - HikariPool-1 - Starting... 
2025-05-29 01:57:13 INFO com.zaxxer.hikari.pool.HikariPool - HikariPool-1 - Added connection ConnectionID:1 ClientConnectionId: 7b74358c-afac-47ea-8f40-800b9dfe4f54 
2025-05-29 01:57:13 INFO com.zaxxer.hikari.HikariDataSource - HikariPool-1 - Start completed. 
2025-05-29 01:57:13 INFO org.hibernate.jpa.internal.util.LogHelper - HHH000204: Processing PersistenceUnitInfo [name: default] 
2025-05-29 01:57:13 INFO org.hibernate.Version - HHH000412: Hibernate ORM core version 6.6.13.Final 
2025-05-29 01:57:13 INFO org.hibernate.cache.internal.RegionFactoryInitiator - HHH000026: Second-level cache disabled 
2025-05-29 01:57:13 INFO org.springframework.orm.jpa.persistenceunit.SpringPersistenceUnitInfo - No LoadTimeWeaver setup: ignoring JPA class transformer 
2025-05-29 01:57:13 INFO org.hibernate.orm.connections.pooling - HHH10001005: Database info:
	Database JDBC URL [Connecting through datasource 'HikariDataSource (HikariPool-1)']
	Database driver: undefined/unknown
	Database version: 16.0
	Autocommit mode: undefined/unknown
	Isolation level: undefined/unknown
	Minimum pool size: undefined/unknown
	Maximum pool size: undefined/unknown 
2025-05-29 01:57:14 INFO org.hibernate.engine.transaction.jta.platform.internal.JtaPlatformInitiator - HHH000489: No JTA platform available (set 'hibernate.transaction.jta.platform' to enable JTA platform integration) 
2025-05-29 01:57:14 INFO org.springframework.orm.jpa.LocalContainerEntityManagerFactoryBean - Initialized JPA EntityManagerFactory for persistence unit 'default' 
2025-05-29 01:57:14 WARN org.springframework.boot.autoconfigure.orm.jpa.JpaBaseConfiguration$JpaWebConfiguration - spring.jpa.open-in-view is enabled by default. Therefore, database queries may be performed during view rendering. Explicitly configure spring.jpa.open-in-view to disable this warning 
2025-05-29 01:57:14 WARN org.springframework.boot.autoconfigure.security.servlet.UserDetailsServiceAutoConfiguration - 

Using generated security password: b39d75bc-87fc-4a09-9505-2be2524920b8

This generated password is for development use only. Your security configuration must be updated before running your application in production.
 
2025-05-29 01:57:14 INFO org.springframework.security.config.annotation.authentication.configuration.InitializeUserDetailsBeanManagerConfigurer$InitializeUserDetailsManagerConfigurer - Global AuthenticationManager configured with UserDetailsService bean with name inMemoryUserDetailsManager 
2025-05-29 01:57:14 INFO org.springframework.boot.autoconfigure.web.servlet.WelcomePageHandlerMapping - Adding welcome page template: index 
2025-05-29 01:57:15 INFO org.springframework.boot.devtools.autoconfigure.OptionalLiveReloadServer - LiveReload server is running on port 35729 
2025-05-29 01:57:15 INFO org.apache.coyote.http11.Http11NioProtocol - Starting ProtocolHandler ["http-nio-8080"] 
2025-05-29 01:57:15 INFO org.springframework.boot.web.embedded.tomcat.TomcatWebServer - Tomcat started on port 8080 (http) with context path '/' 
2025-05-29 01:57:15 INFO com.danny.shoppingplatform.ShoppingPlatformApplication - Started ShoppingPlatformApplication in 3.4 seconds (process running for 4.156) 
2025-05-29 02:09:10 INFO org.springframework.boot.web.embedded.tomcat.GracefulShutdown - Commencing graceful shutdown. Waiting for active requests to complete 
2025-05-29 02:09:10 INFO org.springframework.boot.web.embedded.tomcat.GracefulShutdown - Graceful shutdown complete 
2025-05-29 02:09:10 INFO org.springframework.orm.jpa.LocalContainerEntityManagerFactoryBean - Closing JPA EntityManagerFactory for persistence unit 'default' 
2025-05-29 02:09:10 INFO com.zaxxer.hikari.HikariDataSource - HikariPool-1 - Shutdown initiated... 
2025-05-29 02:09:10 INFO com.zaxxer.hikari.HikariDataSource - HikariPool-1 - Shutdown completed. 
2025-05-29 09:40:48 INFO com.danny.shoppingplatform.ShoppingPlatformApplication - Starting ShoppingPlatformApplication using Java 22.0.2 with PID 26328 (C:\Users\danny\IdeaProjects\ShoppingPlatform\target\classes started by danny in C:\Users\danny\IdeaProjects\ShoppingPlatform) 
2025-05-29 09:40:48 INFO com.danny.shoppingplatform.ShoppingPlatformApplication - No active profile set, falling back to 1 default profile: "default" 
2025-05-29 09:40:48 INFO org.springframework.boot.devtools.env.DevToolsPropertyDefaultsPostProcessor - Devtools property defaults active! Set 'spring.devtools.add-properties' to 'false' to disable 
2025-05-29 09:40:48 INFO org.springframework.boot.devtools.env.DevToolsPropertyDefaultsPostProcessor - For additional web related logging consider setting the 'logging.level.web' property to 'DEBUG' 
2025-05-29 09:40:48 INFO org.springframework.data.repository.config.RepositoryConfigurationDelegate - Bootstrapping Spring Data JPA repositories in DEFAULT mode. 
2025-05-29 09:40:48 INFO org.springframework.data.repository.config.RepositoryConfigurationDelegate - Finished Spring Data repository scanning in 40 ms. Found 2 JPA repository interfaces. 
2025-05-29 09:40:49 INFO org.springframework.boot.web.embedded.tomcat.TomcatWebServer - Tomcat initialized with port 8080 (http) 
2025-05-29 09:40:49 INFO org.apache.coyote.http11.Http11NioProtocol - Initializing ProtocolHandler ["http-nio-8080"] 
2025-05-29 09:40:49 INFO org.apache.catalina.core.StandardService - Starting service [Tomcat] 
2025-05-29 09:40:49 INFO org.apache.catalina.core.StandardEngine - Starting Servlet engine: [Apache Tomcat/10.1.40] 
2025-05-29 09:40:49 INFO org.apache.catalina.core.ContainerBase.[Tomcat].[localhost].[/] - Initializing Spring embedded WebApplicationContext 
2025-05-29 09:40:49 INFO org.springframework.boot.web.servlet.context.ServletWebServerApplicationContext - Root WebApplicationContext: initialization completed in 1222 ms 
2025-05-29 09:40:49 INFO com.zaxxer.hikari.HikariDataSource - HikariPool-1 - Starting... 
2025-05-29 09:40:50 INFO com.zaxxer.hikari.pool.HikariPool - HikariPool-1 - Added connection ConnectionID:1 ClientConnectionId: 3ced8964-9a91-498a-a232-1baa5834f947 
2025-05-29 09:40:50 INFO com.zaxxer.hikari.HikariDataSource - HikariPool-1 - Start completed. 
2025-05-29 09:40:50 INFO org.hibernate.jpa.internal.util.LogHelper - HHH000204: Processing PersistenceUnitInfo [name: default] 
2025-05-29 09:40:50 INFO org.hibernate.Version - HHH000412: Hibernate ORM core version 6.6.13.Final 
2025-05-29 09:40:50 INFO org.hibernate.cache.internal.RegionFactoryInitiator - HHH000026: Second-level cache disabled 
2025-05-29 09:40:50 INFO org.springframework.orm.jpa.persistenceunit.SpringPersistenceUnitInfo - No LoadTimeWeaver setup: ignoring JPA class transformer 
2025-05-29 09:40:50 INFO org.hibernate.orm.connections.pooling - HHH10001005: Database info:
	Database JDBC URL [Connecting through datasource 'HikariDataSource (HikariPool-1)']
	Database driver: undefined/unknown
	Database version: 16.0
	Autocommit mode: undefined/unknown
	Isolation level: undefined/unknown
	Minimum pool size: undefined/unknown
	Maximum pool size: undefined/unknown 
2025-05-29 09:40:51 INFO org.hibernate.engine.transaction.jta.platform.internal.JtaPlatformInitiator - HHH000489: No JTA platform available (set 'hibernate.transaction.jta.platform' to enable JTA platform integration) 
2025-05-29 09:40:51 INFO org.springframework.orm.jpa.LocalContainerEntityManagerFactoryBean - Initialized JPA EntityManagerFactory for persistence unit 'default' 
2025-05-29 09:40:51 WARN org.springframework.boot.autoconfigure.orm.jpa.JpaBaseConfiguration$JpaWebConfiguration - spring.jpa.open-in-view is enabled by default. Therefore, database queries may be performed during view rendering. Explicitly configure spring.jpa.open-in-view to disable this warning 
2025-05-29 09:40:51 WARN org.springframework.boot.autoconfigure.security.servlet.UserDetailsServiceAutoConfiguration - 

Using generated security password: f8f50178-8d50-45dc-997c-95ce3d071a72

This generated password is for development use only. Your security configuration must be updated before running your application in production.
 
2025-05-29 09:40:51 INFO org.springframework.security.config.annotation.authentication.configuration.InitializeUserDetailsBeanManagerConfigurer$InitializeUserDetailsManagerConfigurer - Global AuthenticationManager configured with UserDetailsService bean with name inMemoryUserDetailsManager 
2025-05-29 09:40:51 INFO org.springframework.boot.autoconfigure.web.servlet.WelcomePageHandlerMapping - Adding welcome page template: index 
2025-05-29 09:40:51 INFO org.springframework.boot.devtools.autoconfigure.OptionalLiveReloadServer - LiveReload server is running on port 35729 
2025-05-29 09:40:51 INFO org.apache.coyote.http11.Http11NioProtocol - Starting ProtocolHandler ["http-nio-8080"] 
2025-05-29 09:40:51 INFO org.springframework.boot.web.embedded.tomcat.TomcatWebServer - Tomcat started on port 8080 (http) with context path '/' 
2025-05-29 09:40:51 INFO com.danny.shoppingplatform.ShoppingPlatformApplication - Started ShoppingPlatformApplication in 3.898 seconds (process running for 4.888) 
2025-05-29 09:41:44 INFO org.apache.catalina.core.ContainerBase.[Tomcat].[localhost].[/] - Initializing Spring DispatcherServlet 'dispatcherServlet' 
2025-05-29 09:41:44 INFO org.springframework.web.servlet.DispatcherServlet - Initializing Servlet 'dispatcherServlet' 
2025-05-29 09:41:44 INFO org.springframework.web.servlet.DispatcherServlet - Completed initialization in 1 ms 
2025-05-29 09:41:45 WARN org.thymeleaf.standard.processor.AbstractStandardFragmentInsertionTagProcessor - [THYMELEAF][http-nio-8080-exec-2][/index] Deprecated unwrapped fragment expression "/fragment/navbar :: navbar" found in template /index, line 10, col 6. Please use the complete syntax of fragment expressions instead ("~{/fragment/navbar :: navbar}"). The old, unwrapped syntax for fragment expressions will be removed in future versions of Thymeleaf. 
2025-05-29 09:41:48 WARN org.thymeleaf.standard.processor.AbstractStandardFragmentInsertionTagProcessor - [THYMELEAF][http-nio-8080-exec-5][/index] Deprecated unwrapped fragment expression "/fragment/navbar :: navbar" found in template /index, line 10, col 6. Please use the complete syntax of fragment expressions instead ("~{/fragment/navbar :: navbar}"). The old, unwrapped syntax for fragment expressions will be removed in future versions of Thymeleaf. 
2025-05-29 09:41:48 WARN org.thymeleaf.standard.processor.AbstractStandardFragmentInsertionTagProcessor - [THYMELEAF][http-nio-8080-exec-6][/secure/login] Deprecated unwrapped fragment expression "/fragment/navbar :: navbar" found in template /secure/login, line 10, col 6. Please use the complete syntax of fragment expressions instead ("~{/fragment/navbar :: navbar}"). The old, unwrapped syntax for fragment expressions will be removed in future versions of Thymeleaf. 
2025-05-29 09:41:53 INFO com.danny.shoppingplatform.aop.LoginAspect - 登入成功：danny，角色：USER 
2025-05-29 09:41:53 WARN org.thymeleaf.standard.processor.AbstractStandardFragmentInsertionTagProcessor - [THYMELEAF][http-nio-8080-exec-7][/index] Deprecated unwrapped fragment expression "/fragment/navbar :: navbar" found in template /index, line 10, col 6. Please use the complete syntax of fragment expressions instead ("~{/fragment/navbar :: navbar}"). The old, unwrapped syntax for fragment expressions will be removed in future versions of Thymeleaf. 
2025-05-29 09:44:18 WARN org.thymeleaf.standard.processor.AbstractStandardFragmentInsertionTagProcessor - [THYMELEAF][http-nio-8080-exec-2][/index] Deprecated unwrapped fragment expression "/fragment/navbar :: navbar" found in template /index, line 10, col 6. Please use the complete syntax of fragment expressions instead ("~{/fragment/navbar :: navbar}"). The old, unwrapped syntax for fragment expressions will be removed in future versions of Thymeleaf. 
2025-05-29 09:44:31 WARN org.thymeleaf.standard.processor.AbstractStandardFragmentInsertionTagProcessor - [THYMELEAF][http-nio-8080-exec-3][/secure/login] Deprecated unwrapped fragment expression "/fragment/navbar :: navbar" found in template /secure/login, line 10, col 6. Please use the complete syntax of fragment expressions instead ("~{/fragment/navbar :: navbar}"). The old, unwrapped syntax for fragment expressions will be removed in future versions of Thymeleaf. 
2025-05-29 09:45:04 ERROR com.danny.shoppingplatform.aop.LoginAspect - 登入失敗：bbbb，原因：401 UNAUTHORIZED "帳號密碼錯誤" 
2025-05-29 09:45:04 WARN org.springframework.web.servlet.mvc.annotation.ResponseStatusExceptionResolver - Resolved [org.springframework.web.server.ResponseStatusException: 401 UNAUTHORIZED "帳號密碼錯誤"] 
2025-05-29 10:17:22 INFO org.springframework.boot.web.embedded.tomcat.GracefulShutdown - Commencing graceful shutdown. Waiting for active requests to complete 
2025-05-29 10:17:22 INFO org.springframework.boot.web.embedded.tomcat.GracefulShutdown - Graceful shutdown complete 
2025-05-29 10:17:22 INFO org.springframework.orm.jpa.LocalContainerEntityManagerFactoryBean - Closing JPA EntityManagerFactory for persistence unit 'default' 
2025-05-29 10:17:22 INFO com.zaxxer.hikari.HikariDataSource - HikariPool-1 - Shutdown initiated... 
2025-05-29 10:17:22 INFO com.zaxxer.hikari.HikariDataSource - HikariPool-1 - Shutdown completed. 
